<?xml version="1.0" encoding="UTF-8"?>
<testsuite tests="1" errors="0" failures="0" name="MergedTestSuite" skipped="0">
    <testcase classname="TestSuite" name="TestCase" time="0.000001">
    </testcase>
</testsuite>
